{
  "stats": {
    "suites": 1,
    "tests": 1,
    "passes": 1,
    "pending": 0,
    "failures": 0,
    "start": "2025-07-08T17:06:45.992Z",
    "end": "2025-07-08T17:06:47.244Z",
    "duration": 1252,
    "testsRegistered": 1,
    "passPercent": 100,
    "pendingPercent": 0,
    "other": 0,
    "hasOther": false,
    "skipped": 0,
    "hasSkipped": false
  },
  "results": [
    {
      "uuid": "3516eaa0-78df-4534-a930-46b28eabe723",
      "title": "",
      "fullFile": "cypress\\e2e\\login-check.cy.ts",
      "file": "cypress\\e2e\\login-check.cy.ts",
      "beforeHooks": [],
      "afterHooks": [],
      "tests": [],
      "suites": [
        {
          "uuid": "8509622e-b5e2-4888-b747-4ac86149bde3",
          "title": "Login Functionality - Case Sensitivity Check",
          "fullFile": "",
          "file": "",
          "beforeHooks": [],
          "afterHooks": [],
          "tests": [
            {
              "title": "should login successfully with correct password and NOT show alert",
              "fullTitle": "Login Functionality - Case Sensitivity Check should login successfully with correct password and NOT show alert",
              "timedOut": null,
              "duration": 1241,
              "state": "passed",
              "speed": "fast",
              "pass": true,
              "fail": false,
              "pending": false,
              "context": null,
              "code": "cy.visit(\"/\");\nconst alertStub = cy.stub();\ncy.on(\"window:alert\", alertStub);\ncy.get(\"#username\").type(username);\ncy.get(\"#password\").type(validPassword);\ncy.contains(\"button\", \"Login\").click();\n// Assert alert was NOT called\ncy.then(() => {\n    expect(alertStub).not.to.have.been.called;\n});\n// Assert redirection to items.html\ncy.url().should(\"include\", \"/items.html\");",
              "err": {},
              "uuid": "4b047850-64ad-4433-8bd6-efba800ee5e6",
              "parentUUID": "8509622e-b5e2-4888-b747-4ac86149bde3",
              "isHook": false,
              "skipped": false
            }
          ],
          "suites": [],
          "passes": [
            "4b047850-64ad-4433-8bd6-efba800ee5e6"
          ],
          "failures": [],
          "pending": [],
          "skipped": [],
          "duration": 1241,
          "root": false,
          "rootEmpty": false,
          "_timeout": 2000
        }
      ],
      "passes": [],
      "failures": [],
      "pending": [],
      "skipped": [],
      "duration": 0,
      "root": true,
      "rootEmpty": true,
      "_timeout": 2000
    }
  ],
  "meta": {
    "mocha": {
      "version": "7.2.0"
    },
    "mochawesome": {
      "options": {
        "quiet": false,
        "reportFilename": "mochawesome",
        "saveHtml": false,
        "saveJson": true,
        "consoleReporter": "spec",
        "useInlineDiffs": false,
        "code": true
      },
      "version": "7.1.3"
    },
    "marge": {
      "options": {
        "reportDir": "cypress/results",
        "overwrite": false,
        "html": false,
        "json": true
      },
      "version": "6.2.0"
    }
  }
}