{
  "stats": {
    "suites": 1,
    "tests": 1,
    "passes": 1,
    "pending": 0,
    "failures": 0,
    "start": "2025-07-08T17:14:06.702Z",
    "end": "2025-07-08T17:14:08.203Z",
    "duration": 1501,
    "testsRegistered": 1,
    "passPercent": 100,
    "pendingPercent": 0,
    "other": 0,
    "hasOther": false,
    "skipped": 0,
    "hasSkipped": false
  },
  "results": [
    {
      "uuid": "e523b63f-90b0-438a-8993-2386edd45653",
      "title": "",
      "fullFile": "cypress\\e2e\\test.cy.ts",
      "file": "cypress\\e2e\\test.cy.ts",
      "beforeHooks": [],
      "afterHooks": [],
      "tests": [],
      "suites": [
        {
          "uuid": "bef5040e-7451-4a6c-abd9-f89e06423ca6",
          "title": "Login Functionality - Case Sensitivity Check",
          "fullFile": "",
          "file": "",
          "beforeHooks": [],
          "afterHooks": [],
          "tests": [
            {
              "title": "should login successssssssssfully with correct password and NOT show alert",
              "fullTitle": "Login Functionality - Case Sensitivity Check should login successssssssssfully with correct password and NOT show alert",
              "timedOut": null,
              "duration": 1173,
              "state": "passed",
              "speed": "fast",
              "pass": true,
              "fail": false,
              "pending": false,
              "context": null,
              "code": "cy.userLoginHackathon();\ncy.url().should(\"include\", \"/items.html\");",
              "err": {},
              "uuid": "cc55ffe5-182d-4de2-8a3f-6d50cb114e01",
              "parentUUID": "bef5040e-7451-4a6c-abd9-f89e06423ca6",
              "isHook": false,
              "skipped": false
            }
          ],
          "suites": [],
          "passes": [
            "cc55ffe5-182d-4de2-8a3f-6d50cb114e01"
          ],
          "failures": [],
          "pending": [],
          "skipped": [],
          "duration": 1173,
          "root": false,
          "rootEmpty": false,
          "_timeout": 2000
        }
      ],
      "passes": [],
      "failures": [],
      "pending": [],
      "skipped": [],
      "duration": 0,
      "root": true,
      "rootEmpty": true,
      "_timeout": 2000
    }
  ],
  "meta": {
    "mocha": {
      "version": "7.2.0"
    },
    "mochawesome": {
      "options": {
        "quiet": false,
        "reportFilename": "mochawesome",
        "saveHtml": false,
        "saveJson": true,
        "consoleReporter": "spec",
        "useInlineDiffs": false,
        "code": true
      },
      "version": "7.1.3"
    },
    "marge": {
      "options": {
        "reportDir": "cypress/results",
        "overwrite": false,
        "html": false,
        "json": true
      },
      "version": "6.2.0"
    }
  }
}